Log file open, 04/21/14 03:45:15
LogInit:Display: Running engine for game: MyProject
LogInit: Version: 4.0.2-2034640+++depot+UE4-Releases+4.0
LogInit: Compiled (64-bit): Mar 27 2014 09:55:26
LogInit: Build Configuration: Development
LogInit: Branch Name: ++depot+UE4-Releases+4.0
LogInit: Command line: 
LogInit: Base directory: U:/Program Files/Unreal Engine/4.0/Engine/Binaries/Win64/
[2014.04.21-08.45.15:041][  0]LogTaskGraph: Started task graph with 3 named threads and 4 total threads.
[2014.04.21-08.45.15:067][  0]LogOnline:Warning: No default platform service specified for OnlineSubsystem
[2014.04.21-08.45.15:234][  0]LogInit: Presizing for 0 objects not considered by GC, pre-allocating 0 bytes.
[2014.04.21-08.45.15:242][  0]LogInit: Object subsystem initialized
[2014.04.21-08.45.15:244][  0]LogInit: Selected Device Profile: [Windows]
[2014.04.21-08.45.15:244][  0]LogInit: Applying CVar settings loaded from the selected device profile: [Windows]
[2014.04.21-08.45.15:264][  0]LogInit: Computer: IKEKUDEYG-PC
[2014.04.21-08.45.15:264][  0]LogInit: User: Ikekudeyg
[2014.04.21-08.45.15:294][  0]LogInit: CPU Page size=4096, Cores=4
[2014.04.21-08.45.15:294][  0]LogInit: High frequency timer resolution =3.037558 MHz
[2014.04.21-08.45.15:294][  0]LogInit: Memory total: Physical=8.0GB (8GB approx) Pagefile=8184.0GB Virtual=8192.0GB
[2014.04.21-08.45.18:337][  0]LogD3D11RHI: Found D3D11 adapter 0: NVIDIA GeForce GTX 650 (Feature Level 11_0)
[2014.04.21-08.45.18:337][  0]LogD3D11RHI: Adapter has 1990MB of dedicated video memory, 0MB of dedicated system memory, and 2048MB of shared system memory
[2014.04.21-08.45.18:531][  0]LogRHI: Texture pool is 1361 MB (70% of 1945 MB)
[2014.04.21-08.45.18:545][  0]LogD3D11RHI: Async texture creation enabled
[2014.04.21-08.45.19:046][  0]LogTextLocalizationManager:Warning: Loading localization resources contain conflicting entries for (Namespace:UICommands, Key:ToggleRealtime_ToolTip):
Resource: (U:/Program Files/Unreal Engine/4.0/Engine/Content/Localization/Editor/en/Editor.locres) Hash: (-291638278) String: (Toggle Realtime)
Resource: (U:/Program Files/Unreal Engine/4.0/Engine/Content/Localization/Editor/en/Editor.locres) Hash: (-1913389001) String: (Toggles real time rendering in this viewport)
[2014.04.21-08.45.19:076][  0]LogContentStreaming: Texture pool size is 0.000000MB
[2014.04.21-08.45.19:126][  0]LogInit: WinSock: version 1.1 (2.2), MaxSocks=32767, MaxUdp=65467
[2014.04.21-08.45.20:728][  0]LogTargetPlatformManager:Display: Building Assets For Windows
[2014.04.21-08.45.21:004][  0]LogTargetPlatformManager:Display: Building Assets For Windows
[2014.04.21-08.45.21:045][  0]LogDerivedDataCache:Display: Max Cache Size: 512 MB
[2014.04.21-08.45.22:879][  0]LogDerivedDataCache: Loaded boot cache 1.83s 37MB C:/ProgramData/Epic/Engine/DerivedDataCache/Boot.ddc.
[2014.04.21-08.45.22:879][  0]LogDerivedDataCache:Display: Loaded Boot cache: C:/ProgramData/Epic/Engine/DerivedDataCache/Boot.ddc
[2014.04.21-08.45.23:135][  0]LogDerivedDataCache:Display: Pak cache opened for reading C:/Users/Ikekudeyg/Documents/Unreal Projects/MyProject/DerivedDataCache/DDC.ddp.
[2014.04.21-08.45.23:143][  0]LogDerivedDataCache:Display: Pak cache opened for reading ../../../Engine/DerivedDataCache/DDC.ddp.
[2014.04.21-08.45.23:154][  0]LogDerivedDataCache: Using Local data cache path C:/ProgramData/Epic/Engine/DerivedDataCache: Writable
[2014.04.21-08.45.23:637][  0]LogModuleManager:Warning: Found module file ../../../Engine/Plugins/Experimental/SlateComponentWrappers/Binaries/Win64/UE4Editor-SlateComponentWrapperEditor.dll (version 1 0 0 44392), but it was incompatible with the current engine version (4 0 0 0). This is likely a stale module that must be recompiled.
[2014.04.21-08.45.23:652][  0]LogModuleManager:Warning: Found module file ../../../Engine/Plugins/Experimental/SlateComponentWrappers/Binaries/Win64/UE4Editor-SlateComponentWrapperRuntime.dll (version 1 0 0 44392), but it was incompatible with the current engine version (4 0 0 0). This is likely a stale module that must be recompiled.
[2014.04.21-08.45.24:085][  0]LogMeshUtilities: No automatic mesh reduction module available
[2014.04.21-08.45.24:085][  0]LogMeshUtilities: No automatic mesh merging module available
[2014.04.21-08.45.24:497][  0]LogEnum:Warning: Enum Text 1 for Enum ECustomDepth failed to resolve to any value
[2014.04.21-08.45.24:497][  0]LogEnum:Warning: Enum Text 3 for Enum EEarlyZPass failed to resolve to any value
[2014.04.21-08.45.24:497][  0]LogEnum:Warning: Enum Text 1 for Enum EClearSceneOptions failed to resolve to any value
[2014.04.21-08.45.24:497][  0]LogEnum:Warning: Enum Text 4 for Enum ECompositingSampleCount failed to resolve to any value
[2014.04.21-08.45.29:393][  0]Warning: Invalid UDP Messaging UnicastEndpoint '' - binding to all local network adapters instead
[2014.04.21-08.45.29:393][  0]Warning: Invalid UDP Messaging MulticastEndpoint '' - using default endpoint '230.0.0.1:6666' instead
[2014.04.21-08.45.29:431][  0]UdpMessaging: Initializing bridge on interface 0.0.0.0:0 to multicast group 230.0.0.1:6666.
[2014.04.21-08.45.29:587][  0]SourceControl: Info Source control is disabled
[2014.04.21-08.45.29:587][  0]SourceControl: Info Source control is disabled
[2014.04.21-08.45.29:594][  0]SourceControl: Info Source control is disabled
[2014.04.21-08.45.29:842][  0]BlueprintLog: New page: Editor Load
[2014.04.21-08.45.30:039][  0]LogObj: 18309 objects as part of root set at end of initial load.
[2014.04.21-08.45.30:039][  0]LogUObjectAllocator: 3622472 out of 0 bytes used by permanent object pool.
[2014.04.21-08.45.30:396][  0]LogAutomationTest:Warning: Loading localization resources contain conflicting entries for (Namespace:UICommands, Key:ToggleRealtime_ToolTip):
Resource: (U:/Program Files/Unreal Engine/4.0/Engine/Content/Localization/Editor/en/Editor.locres) Hash: (-291638278) String: (Toggle Realtime)
Resource: (U:/Program Files/Unreal Engine/4.0/Engine/Content/Localization/Editor/en/Editor.locres) Hash: (-1913389001) String: (Toggles real time rendering in this viewport)
[2014.04.21-08.45.30:396][  0]LogAutomationTest:Warning: Loading localization resources contain conflicting entries for (Namespace:UICommands, Key:ToggleRealtime_ToolTip):
Resource: (U:/Program Files/Unreal Engine/4.0/Engine/Content/Localization/Editor/en/Editor.locres) Hash: (-291638278) String: (Toggle Realtime)
Resource: (U:/Program Files/Unreal Engine/4.0/Engine/Content/Localization/Editor/en/Editor.locres) Hash: (-1913389001) String: (Toggles real time rendering in this viewport)
[2014.04.21-08.45.30:396][  0]LogAutomationTest:Warning: Loading localization resources contain conflicting entries for (Namespace:UICommands, Key:ToggleRealtime_ToolTip):
Resource: (U:/Program Files/Unreal Engine/4.0/Engine/Content/Localization/Editor/en/Editor.locres) Hash: (-291638278) String: (Toggle Realtime)
Resource: (U:/Program Files/Unreal Engine/4.0/Engine/Content/Localization/Editor/en/Editor.locres) Hash: (-1913389001) String: (Toggles real time rendering in this viewport)
[2014.04.21-08.45.30:396][  0]LogEngine: Initializing Engine...
[2014.04.21-08.45.31:045][  0]LogInit: XAudio2 using 'Speakers (High Definition Audio Device)' : 2 channels at 44.1 kHz using 16 bits per sample (channel mask 0x3)
[2014.04.21-08.45.31:055][  0]LogInit: FAudioDevice initialized.
[2014.04.21-08.45.31:115][  0]LogDerivedDataCache: Saved boot cache 0.04s 37MB C:/ProgramData/Epic/Engine/DerivedDataCache/Boot.ddc.
[2014.04.21-08.45.31:126][  0]LogInit: Texture streaming: Enabled
[2014.04.21-08.45.31:146][  0]LogAnalytics: Creating configured Analytics provider AnalyticsET
[2014.04.21-08.45.31:146][  0]LogAnalytics: ET APIKey = Rocket.Release. APIServer = http://et2.epicgames.com/ET2/. AppVersion = 4.0.2-2034640+++depot+UE4-Releases+4.0
[2014.04.21-08.45.31:148][  0]LogAnalytics: SetUserId 41c2970e0d96e3ee2dc9913591dc455f
[2014.04.21-08.45.31:148][  0]LogAnalytics: AnalyticsET::StartSession [Rocket.Release]
[2014.04.21-08.45.31:357][  0]LogInit: Transaction tracking system initialized
[2014.04.21-08.45.31:569][  0]LogAssetRegistry: FAssetRegistry took 0.010401 seconds to start up
[2014.04.21-08.45.32:212][  0]LogModuleManager:Warning: ModuleManager: Unable to load module '' because the file was not found.
[2014.04.21-08.45.32:216][  0]LogModuleManager:Warning: ModuleManager: Unable to load module '' because the file was not found.
[2014.04.21-08.45.32:355][  0]LogConsoleResponse:Display: 
[2014.04.21-08.45.33:243][  0]SourceControl: Info Source control is disabled
[2014.04.21-08.45.33:243][  0]Cmd: MAP LOAD FILE="C:/Users/Ikekudeyg/Documents/Unreal Projects/MyProject/Content/Maps/Example_Map.umap" TEMPLATE=0 SHOWPROGRESS=1 WORLDCOMPOSITION=0
[2014.04.21-08.45.33:244][  0]LightingResults: New page: Lighting Build
[2014.04.21-08.45.33:252][  0]MapCheck: New page: Map Check
[2014.04.21-08.45.33:253][  0]LightingResults: New page: Lighting Build
[2014.04.21-08.45.33:278][  0]LogParticles: Destroying 0 GPU particle simulations for FXSystem 0x00000000157B7600
[2014.04.21-08.45.33:857][  0]LogStaticMesh: Building static mesh TemplateCube_Rounded...
[2014.04.21-08.45.33:940][  0]LogStaticMesh: Built static mesh [83.260300ms] /Game/Meshes/TemplateCube_Rounded.TemplateCube_Rounded
[2014.04.21-08.45.34:098][  0]LogTexture:Display: Building textures: HQ_Lightmap0_1 (AutoDXT)
[2014.04.21-08.45.34:365][  0]LogTexture:Display: Building textures: HQ_Lightmap0_2 (AutoDXT)
[2014.04.21-08.45.34:396][  0]LogTexture:Display: Building textures: LQ_Lightmap_0_1 (DXT1)
[2014.04.21-08.45.34:606][  0]LogTexture:Display: Building textures: LQ_Lightmap_0_2 (DXT1)
[2014.04.21-08.45.34:625][  0]LogTexture:Display: Building textures: ShadowMapTexture2D_8 (BGRA8)
[2014.04.21-08.45.34:699][  0]LogTexture:Display: Building textures: ShadowMapTexture2D_9 (BGRA8)
[2014.04.21-08.45.34:816][  0]LogEditorServer: Finished looking for orphan Actors (0.000 secs)
[2014.04.21-08.45.34:872][  0]Cmd: MAP CHECKDEP
[2014.04.21-08.45.34:872][  0]MapCheck: New page: Example_Map - Apr 20, 2014, 10:45:34 PM
[2014.04.21-08.45.34:909][  0]MapCheck: Info ========== Map Check: 0 Error(s), 0 Warning(s), [36.579ms] ==========
[2014.04.21-08.45.34:909][  0]LogFileHelpers: Loading map 'Example_Map' took 1.665
[2014.04.21-08.45.35:297][  0]LogCollectionManager: Loaded 0 collections in 0.001585 seconds
[2014.04.21-08.45.36:000][  0]LogCrashTracker: Crashtracker disabled due to settings.
[2014.04.21-08.45.36:041][  0]Cmd: MODE PLACEMENT
[2014.04.21-08.45.36:886][  0]LogLoad: Full Startup: 26.53 seconds (BP compile: 0.14 seconds)
[2014.04.21-08.45.37:812][  0]LogRenderer:Warning: Reallocating scene render targets to support 848x736.
[2014.04.21-08.45.38:374][  1]LogEpicSurvey:Warning: EnumerateFiles request failed. Invalid response. code=403 error=<?xml version="1.0" encoding="UTF-8"?>
<Error><Code>AccessDenied</Code><Message>Access Denied</Message><RequestId>F0049EEBFB53EBC5</RequestId><HostId>ieZw3jBGS3h2MMBJp8feEQPFBbnMZV+EwglChcXaeAn+D6K0OUK1aJw4wZBdMrwt</HostId></Error>
[2014.04.21-08.45.40:673][  2]LogEpicSurvey:Warning: EnumerateFiles request failed. Invalid response. code=403 error=<?xml version="1.0" encoding="UTF-8"?>
<Error><Code>AccessDenied</Code><Message>Access Denied</Message><RequestId>3332E7219A007E9D</RequestId><HostId>SiCtADojCagwQIMoMaWSdxt8BqWZO5QCW09AIvbC9E7zdbwQyz5rYn3rBVbVap0/</HostId></Error>
[2014.04.21-08.45.41:001][  2]LogAssetRegistry: Asset discovery search completed in 9.442499 seconds
[2014.04.21-08.45.41:092][  3]LogEpicSurvey:Warning: EnumerateFiles request failed. Invalid response. code=403 error=<?xml version="1.0" encoding="UTF-8"?>
<Error><Code>AccessDenied</Code><Message>Access Denied</Message><RequestId>50BD3762F1D2CC61</RequestId><HostId>7rVO205hbS9o9ralflD8c5VYrrh4hmtKKoLmYTCVqFziGjVF0OZ+LkbKQVQI8q/Z</HostId></Error>
[2014.04.21-08.46.13:508][656]LogPlayLevel: PIE:  No blueprints needed recompiling
[2014.04.21-08.46.13:512][656]PIE: New page: PIE session: Example_Map (Apr 20, 2014, 10:46:13 PM)
[2014.04.21-08.46.13:570][656]LogPlayLevel: PIE: StaticDuplicateObject took: (0.057841s)
[2014.04.21-08.46.13:572][656]LogPlayLevel: PIE: World Init took: (0.001399s)
[2014.04.21-08.46.13:578][656]LogPlayLevel: PIE: Created PIE world by copying editor world from /Game/Maps/Example_Map.Example_Map to /Game/Maps/UEDPIE_0_Example_Map.Example_Map (0.065572s)
[2014.04.21-08.46.14:215][656]LogAudioDerivedData:Display: Building compressed audio format OGG wave Template1rst_WeaponFire02...
[2014.04.21-08.46.14:310][656]LogTexture:Display: Building textures: crosshair (AutoDXT)
[2014.04.21-08.46.14:319][656]LogWorld: Game class is 'MyGame_C'
[2014.04.21-08.46.14:389][656]LogWorld: Bringing World /Game/Maps/UEDPIE_0_Example_Map.Example_Map up for play (max tick rate 0) at 2014.04.21-03.46.14
[2014.04.21-08.46.14:409][656]LogWorld: Bringing up level for play took: 0.022630
[2014.04.21-08.46.14:602][656]LogPlayerController: ClientRestart_Implementation MyCharacter_C_0
[2014.04.21-08.46.14:602][656]LogPlayerController: ServerAcknowledgePossession_Implementation MyCharacter_C_0
[2014.04.21-08.46.14:674][656]PIE: Info Play in editor start time for /Game/Maps/UEDPIE_0_Example_Map 1.327
[2014.04.21-08.46.23:418][162]LogParticles: Destroying 0 GPU particle simulations for FXSystem 0x000000001D19DC60
[2014.04.21-08.47.03:093][ 63]LogEditorViewport: Clicking on Actor (LMB): BP_Sky_Sphere_C (BP_Sky_Sphere)
[2014.04.21-08.47.05:963][192]Cmd: SELECT NONE
[2014.04.21-08.47.14:257][409]LightingResults: New page: Lighting Build
[2014.04.21-08.47.14:298][409]MapCheck: New page: Map Check
[2014.04.21-08.47.14:299][409]LightingResults: New page: Lighting Build
[2014.04.21-08.47.14:325][409]LogParticles: Destroying 0 GPU particle simulations for FXSystem 0x000000000D9EF420
[2014.04.21-08.47.14:326][409]LogParticles: Destroying 0 GPU particle simulations for FXSystem 0x000000001C7740E0
[2014.04.21-08.47.14:337][409]LoadErrors: New page: New Map
[2014.04.21-08.47.21:643][ 93]LogPlayLevel: PIE:  No blueprints needed recompiling
[2014.04.21-08.47.21:644][ 93]PIE: New page: PIE session: Untitled_1 (Apr 20, 2014, 10:47:21 PM)
[2014.04.21-08.47.21:644][ 93]LogPlayLevel: PIE: StaticDuplicateObject took: (0.000434s)
[2014.04.21-08.47.21:646][ 93]LogPlayLevel: PIE: World Init took: (0.001367s)
[2014.04.21-08.47.21:646][ 93]LogPlayLevel: PIE: Created PIE world by copying editor world from /Temp/Untitled_1.NewWorld to /Temp/UEDPIE_0_Untitled_1.NewWorld (0.002009s)
[2014.04.21-08.47.21:646][ 93]LogWorld: Game class is 'MyGame_C'
[2014.04.21-08.47.21:673][ 93]LogWorld: Bringing World /Temp/UEDPIE_0_Untitled_1.NewWorld up for play (max tick rate 0) at 2014.04.21-03.47.21
[2014.04.21-08.47.21:674][ 93]LogWorld: Bringing up level for play took: 0.000541
[2014.04.21-08.47.21:674][ 93]LogGameMode: Warning - PATHS NOT DEFINED or NO PLAYERSTART with positive rating
[2014.04.21-08.47.21:675][ 93]LogPlayerController: ClientRestart_Implementation MyCharacter_C_1
[2014.04.21-08.47.21:675][ 93]LogPlayerController: ServerAcknowledgePossession_Implementation MyCharacter_C_1
[2014.04.21-08.47.21:678][ 93]PIE: Info Play in editor start time for /Temp/UEDPIE_0_Untitled_1 0.33
[2014.04.21-08.47.24:332][302]LogParticles: Destroying 0 GPU particle simulations for FXSystem 0x000000001932D9E0
[2014.04.21-08.47.31:817][927]Cmd: MAP LOAD FILE="../../../Engine/Content/Maps/Templates/Template_Default.umap" TEMPLATE=1 SHOWPROGRESS=1 WORLDCOMPOSITION=0
[2014.04.21-08.47.31:817][927]LightingResults: New page: Lighting Build
[2014.04.21-08.47.31:831][927]LoadErrors: New page: Loading map: Template_Default.umap
[2014.04.21-08.47.31:832][927]MapCheck: New page: Map Check
[2014.04.21-08.47.31:832][927]LightingResults: New page: Lighting Build
[2014.04.21-08.47.31:856][927]LogParticles: Destroying 0 GPU particle simulations for FXSystem 0x000000001CE767A0
[2014.04.21-08.47.31:922][927]LogEditorServer: Finished looking for orphan Actors (0.000 secs)
[2014.04.21-08.47.31:922][927]Cmd: MAP CHECKDEP
[2014.04.21-08.47.31:923][927]MapCheck: New page: Untitled_2 - Apr 20, 2014, 10:47:31 PM
[2014.04.21-08.47.31:964][927]MapCheck: Info ========== Map Check: 0 Error(s), 0 Warning(s), [41.527ms] ==========
[2014.04.21-08.47.31:964][927]LogFileHelpers: Loading map 'Template_Default' took 0.147
[2014.04.21-08.47.38:306][282]LogPlayLevel: PIE:  No blueprints needed recompiling
[2014.04.21-08.47.38:307][282]PIE: New page: PIE session: Untitled_2 (Apr 20, 2014, 10:47:38 PM)
[2014.04.21-08.47.38:310][282]LogPlayLevel: PIE: StaticDuplicateObject took: (0.003023s)
[2014.04.21-08.47.38:311][282]LogPlayLevel: PIE: World Init took: (0.001099s)
[2014.04.21-08.47.38:311][282]LogPlayLevel: PIE: Created PIE world by copying editor world from /Temp/Untitled_2.Template_Default to /Temp/UEDPIE_0_Untitled_2.Template_Default (0.004354s)
[2014.04.21-08.47.38:311][282]LogWorld: Game class is 'MyGame_C'
[2014.04.21-08.47.38:342][282]LogWorld: Bringing World /Temp/UEDPIE_0_Untitled_2.Template_Default up for play (max tick rate 0) at 2014.04.21-03.47.38
[2014.04.21-08.47.38:343][282]LogWorld: Bringing up level for play took: 0.001352
[2014.04.21-08.47.38:379][282]LogPlayerController: ClientRestart_Implementation MyCharacter_C_2
[2014.04.21-08.47.38:379][282]LogPlayerController: ServerAcknowledgePossession_Implementation MyCharacter_C_2
[2014.04.21-08.47.38:383][282]PIE: Info Play in editor start time for /Temp/UEDPIE_0_Untitled_2 1.034
[2014.04.21-08.47.44:198][683]LogParticles: Destroying 0 GPU particle simulations for FXSystem 0x000000001932DE40
[2014.04.21-08.47.48:909][942]EditorErrors:Warning: Warning A valid static mesh must be specified.
[2014.04.21-08.47.54:744][213]LogEditorViewport: Clicking on Actor (LMB): StaticMeshActor (SM_Template_Map_Floor)
[2014.04.21-08.47.56:485][306]Cmd: DELETE
[2014.04.21-08.47.56:485][306]Cmd: ACTOR DELETE
[2014.04.21-08.47.56:486][306]LogEditorActor: Deleted Actor: StaticMeshActor
[2014.04.21-08.47.56:514][306]LogEditorActor: Deleted 1 Actors (0.029 secs)
[2014.04.21-08.47.57:727][382]LogEditorViewport: Clicking on Actor (LMB): PlayerStart (Player Start)
[2014.04.21-08.48.00:156][531]Cmd: DELETE
[2014.04.21-08.48.00:156][531]Cmd: ACTOR DELETE
[2014.04.21-08.48.00:157][531]LogEditorActor: Deleted Actor: PlayerStart
[2014.04.21-08.48.00:182][531]LogEditorActor: Deleted 1 Actors (0.026 secs)
[2014.04.21-08.48.00:631][559]LogEditorViewport: Clicking on Actor (LMB): AtmosphericFog (Atmospheric Fog)
[2014.04.21-08.48.02:029][645]LogEditorViewport: Clicking on Actor (LMB): BP_Sky_Sphere_C (BP_Sky_Shere)
[2014.04.21-08.48.03:185][715]LogEditorViewport: Clicking on Actor (LMB): BP_Sky_Sphere_C (BP_Sky_Shere)
[2014.04.21-08.48.03:933][760]LogEditorViewport: Clicking on Actor (LMB): BP_Sky_Sphere_C (BP_Sky_Shere)
[2014.04.21-08.48.05:354][846]LogEditorViewport: Clicking on Actor (LMB): BP_Sky_Sphere_C (BP_Sky_Shere)
[2014.04.21-08.48.20:579][790]LogEditorViewport: Clicking on Actor (LMB): BP_Sky_Sphere_C (BP_Sky_Shere)
[2014.04.21-08.48.21:279][832]LogEditorViewport: Clicking on Actor (context menu): BP_Sky_Sphere_C (BP_Sky_Shere)
[2014.04.21-08.48.25:203][ 54]Cmd: BRUSH ADD SELECTNEWBRUSH
[2014.04.21-08.48.25:230][ 54]LogInstancedFoliage: Map Rebuilt - Update all BSP painted foliage!
[2014.04.21-08.48.30:977][394]LogTexture:Display: Building textures: Texture2D_2 (G8)
[2014.04.21-08.48.30:981][394]LogUObjectGlobals:Warning: Failed to find object 'MaterialInterface None.'
[2014.04.21-08.49.13:920][987]LogTexture:Display: Building textures: Texture2D_3 (BGRA8)
[2014.04.21-08.49.13:950][987]LogTexture:Display: Building textures: Texture2D_4 (BGRA8)
[2014.04.21-08.49.13:978][987]LogTexture:Display: Building textures: Texture2D_5 (BGRA8)
[2014.04.21-08.49.14:007][987]LogTexture:Display: Building textures: Texture2D_6 (BGRA8)
[2014.04.21-08.49.14:041][987]LogTexture:Display: Building textures: Texture2D_7 (BGRA8)
[2014.04.21-08.49.14:074][987]LogTexture:Display: Building textures: Texture2D_8 (BGRA8)
[2014.04.21-08.49.14:104][987]LogTexture:Display: Building textures: Texture2D_9 (BGRA8)
[2014.04.21-08.49.14:133][987]LogTexture:Display: Building textures: Texture2D_10 (BGRA8)
[2014.04.21-08.49.14:160][987]LogTexture:Display: Building textures: Texture2D_11 (BGRA8)
[2014.04.21-08.49.14:191][987]LogTexture:Display: Building textures: Texture2D_12 (BGRA8)
[2014.04.21-08.49.14:224][987]LogTexture:Display: Building textures: Texture2D_13 (BGRA8)
[2014.04.21-08.49.14:253][987]LogTexture:Display: Building textures: Texture2D_14 (BGRA8)
[2014.04.21-08.49.14:282][987]LogTexture:Display: Building textures: Texture2D_15 (BGRA8)
[2014.04.21-08.49.14:316][987]LogTexture:Display: Building textures: Texture2D_16 (BGRA8)
[2014.04.21-08.49.14:350][987]LogTexture:Display: Building textures: Texture2D_17 (BGRA8)
[2014.04.21-08.49.14:381][987]LogTexture:Display: Building textures: Texture2D_18 (BGRA8)
[2014.04.21-08.49.16:156][988]Cmd: UpdateLandscapeEditorData
[2014.04.21-08.49.18:906][116]Cmd: SELECT NONE
[2014.04.21-08.49.31:676][708]Cmd: MODE PLACEMENT
[2014.04.21-08.49.31:696][709]Cmd: UpdateLandscapeHoleCollision
[2014.04.21-08.49.36:622][910]LogInstancedFoliage: Map Rebuilt - Update all BSP painted foliage!
[2014.04.21-08.49.37:377][911]Cmd: UpdateLandscapeEditorData
[2014.04.21-08.49.48:725][426]Cmd: EDCALLBACK SURFPROPS
[2014.04.21-08.50.00:885][979]LogInstancedFoliage: Map Rebuilt - Update all BSP painted foliage!
[2014.04.21-08.50.00:907][980]Cmd: UpdateLandscapeEditorData
[2014.04.21-08.50.05:968][178]LogInstancedFoliage: Map Rebuilt - Update all BSP painted foliage!
[2014.04.21-08.50.05:990][179]Cmd: UpdateLandscapeEditorData
[2014.04.21-08.50.11:124][372]LogInstancedFoliage: Map Rebuilt - Update all BSP painted foliage!
[2014.04.21-08.50.11:150][373]Cmd: UpdateLandscapeEditorData
[2014.04.21-08.50.15:028][539]LogInstancedFoliage: Map Rebuilt - Update all BSP painted foliage!
[2014.04.21-08.50.15:051][540]Cmd: UpdateLandscapeEditorData
[2014.04.21-08.50.24:722][940]LogInstancedFoliage: Map Rebuilt - Update all BSP painted foliage!
[2014.04.21-08.50.25:446][941]Cmd: UpdateLandscapeEditorData
[2014.04.21-08.50.32:531][222]LogInstancedFoliage: Map Rebuilt - Update all BSP painted foliage!
[2014.04.21-08.50.33:253][223]Cmd: UpdateLandscapeEditorData
[2014.04.21-08.50.39:212][642]LogEditorViewport: Clicking on Actor (LMB): Landscape (Landscape)
[2014.04.21-08.50.45:413][920]LogUObjectHash:Warning: Ambiguous search, could be Model /Temp/Untitled_2.Template_Default:PersistentLevel.BoxBrush_2.Model_7 or Model /Temp/Untitled_2.Template_Default:PersistentLevel.BoxBrush.Model_7
[2014.04.21-08.50.45:414][920]LogUObjectHash:Warning: Ambiguous search, could be Model /Temp/Untitled_2.Template_Default:PersistentLevel.BoxBrush_8.Model_7 or Model /Temp/Untitled_2.Template_Default:PersistentLevel.BoxBrush_2.Model_7
[2014.04.21-08.50.45:414][920]LogUObjectHash:Warning: Ambiguous search, could be Model /Temp/Untitled_2.Template_Default:PersistentLevel.BoxBrush_8.Model_7 or Model /Temp/Untitled_2.Template_Default:PersistentLevel.BoxBrush.Model_7
[2014.04.21-08.50.49:135][ 79]LogInstancedFoliage: Map Rebuilt - Update all BSP painted foliage!
[2014.04.21-08.50.49:869][ 80]Cmd: UpdateLandscapeEditorData
[2014.04.21-08.50.54:610][306]LogUObjectHash:Warning: Ambiguous search, could be Model /Temp/Untitled_2.Template_Default:PersistentLevel.BoxBrush_4.Model_7 or Model /Temp/Untitled_2.Template_Default:PersistentLevel.BoxBrush_3.Model_7
[2014.04.21-08.50.54:610][306]LogUObjectHash:Warning: Ambiguous search, could be Model /Temp/Untitled_2.Template_Default:PersistentLevel.BoxBrush_4.Model_7 or Model /Temp/Untitled_2.Template_Default:PersistentLevel.BoxBrush_2.Model_7
[2014.04.21-08.50.54:610][306]LogUObjectHash:Warning: Ambiguous search, could be Model /Temp/Untitled_2.Template_Default:PersistentLevel.BoxBrush_4.Model_7 or Model /Temp/Untitled_2.Template_Default:PersistentLevel.BoxBrush.Model_7
[2014.04.21-08.50.54:611][306]LogUObjectHash:Warning: Ambiguous search, could be Model /Temp/Untitled_2.Template_Default:PersistentLevel.BoxBrush_10.Model_7 or Model /Temp/Untitled_2.Template_Default:PersistentLevel.BoxBrush_4.Model_7
[2014.04.21-08.50.54:611][306]LogUObjectHash:Warning: Ambiguous search, could be Model /Temp/Untitled_2.Template_Default:PersistentLevel.BoxBrush_10.Model_7 or Model /Temp/Untitled_2.Template_Default:PersistentLevel.BoxBrush_3.Model_7
[2014.04.21-08.50.54:611][306]LogUObjectHash:Warning: Ambiguous search, could be Model /Temp/Untitled_2.Template_Default:PersistentLevel.BoxBrush_10.Model_7 or Model /Temp/Untitled_2.Template_Default:PersistentLevel.BoxBrush_2.Model_7
[2014.04.21-08.50.54:611][306]LogUObjectHash:Warning: Ambiguous search, could be Model /Temp/Untitled_2.Template_Default:PersistentLevel.BoxBrush_10.Model_7 or Model /Temp/Untitled_2.Template_Default:PersistentLevel.BoxBrush.Model_7
[2014.04.21-08.50.55:866][355]LogInstancedFoliage: Map Rebuilt - Update all BSP painted foliage!
[2014.04.21-08.50.56:705][355]LogPropertyNode: Object is invalid Tags
[2014.04.21-08.50.56:710][356]Cmd: UpdateLandscapeEditorData
[2014.04.21-08.50.59:443][475]LogInstancedFoliage: Map Rebuilt - Update all BSP painted foliage!
[2014.04.21-08.51.00:217][476]Cmd: UpdateLandscapeEditorData
[2014.04.21-08.51.03:355][620]LogInstancedFoliage: Map Rebuilt - Update all BSP painted foliage!
[2014.04.21-08.51.04:090][621]Cmd: UpdateLandscapeEditorData
[2014.04.21-08.51.10:287][933]LogUObjectHash:Warning: Ambiguous search, could be Model /Temp/Untitled_2.Template_Default:PersistentLevel.BoxBrush_9.Model_7 or Model /Temp/Untitled_2.Template_Default:PersistentLevel.BoxBrush_10.Model_7
[2014.04.21-08.51.10:287][933]LogUObjectHash:Warning: Ambiguous search, could be Model /Temp/Untitled_2.Template_Default:PersistentLevel.BoxBrush_9.Model_7 or Model /Temp/Untitled_2.Template_Default:PersistentLevel.BoxBrush_4.Model_7
[2014.04.21-08.51.10:287][933]LogUObjectHash:Warning: Ambiguous search, could be Model /Temp/Untitled_2.Template_Default:PersistentLevel.BoxBrush_9.Model_7 or Model /Temp/Untitled_2.Template_Default:PersistentLevel.BoxBrush_3.Model_7
[2014.04.21-08.51.10:287][933]LogUObjectHash:Warning: Ambiguous search, could be Model /Temp/Untitled_2.Template_Default:PersistentLevel.BoxBrush_9.Model_7 or Model /Temp/Untitled_2.Template_Default:PersistentLevel.BoxBrush_2.Model_7
[2014.04.21-08.51.10:287][933]LogUObjectHash:Warning: Ambiguous search, could be Model /Temp/Untitled_2.Template_Default:PersistentLevel.BoxBrush_9.Model_7 or Model /Temp/Untitled_2.Template_Default:PersistentLevel.BoxBrush.Model_7
[2014.04.21-08.51.11:156][962]LogInstancedFoliage: Map Rebuilt - Update all BSP painted foliage!
[2014.04.21-08.51.11:904][963]Cmd: UpdateLandscapeEditorData
[2014.04.21-08.51.16:867][281]LogInstancedFoliage: Map Rebuilt - Update all BSP painted foliage!
[2014.04.21-08.51.17:616][282]Cmd: UpdateLandscapeEditorData
[2014.04.21-08.51.20:089][398]LogInstancedFoliage: Map Rebuilt - Update all BSP painted foliage!
[2014.04.21-08.51.20:112][399]Cmd: UpdateLandscapeEditorData
[2014.04.21-08.51.26:396][675]LogInstancedFoliage: Map Rebuilt - Update all BSP painted foliage!
[2014.04.21-08.51.26:418][676]Cmd: UpdateLandscapeEditorData
[2014.04.21-08.51.35:541][ 75]LogInstancedFoliage: Map Rebuilt - Update all BSP painted foliage!
[2014.04.21-08.51.36:286][ 76]Cmd: UpdateLandscapeEditorData
[2014.04.21-08.51.39:054][192]LogInstancedFoliage: Map Rebuilt - Update all BSP painted foliage!
[2014.04.21-08.51.39:802][193]Cmd: UpdateLandscapeEditorData
[2014.04.21-08.52.06:254][544]LogUObjectHash:Warning: Ambiguous search, could be Model /Temp/Untitled_2.Template_Default:PersistentLevel.BoxBrush_5.Model_7 or Model /Temp/Untitled_2.Template_Default:PersistentLevel.BoxBrush_9.Model_7
[2014.04.21-08.52.06:254][544]LogUObjectHash:Warning: Ambiguous search, could be Model /Temp/Untitled_2.Template_Default:PersistentLevel.BoxBrush_5.Model_7 or Model /Temp/Untitled_2.Template_Default:PersistentLevel.BoxBrush_10.Model_7
[2014.04.21-08.52.06:254][544]LogUObjectHash:Warning: Ambiguous search, could be Model /Temp/Untitled_2.Template_Default:PersistentLevel.BoxBrush_5.Model_7 or Model /Temp/Untitled_2.Template_Default:PersistentLevel.BoxBrush_4.Model_7
[2014.04.21-08.52.06:254][544]LogUObjectHash:Warning: Ambiguous search, could be Model /Temp/Untitled_2.Template_Default:PersistentLevel.BoxBrush_5.Model_7 or Model /Temp/Untitled_2.Template_Default:PersistentLevel.BoxBrush_3.Model_7
[2014.04.21-08.52.06:254][544]LogUObjectHash:Warning: Ambiguous search, could be Model /Temp/Untitled_2.Template_Default:PersistentLevel.BoxBrush_5.Model_7 or Model /Temp/Untitled_2.Template_Default:PersistentLevel.BoxBrush_2.Model_7
[2014.04.21-08.52.06:255][544]LogUObjectHash:Warning: Ambiguous search, could be Model /Temp/Untitled_2.Template_Default:PersistentLevel.BoxBrush_5.Model_7 or Model /Temp/Untitled_2.Template_Default:PersistentLevel.BoxBrush.Model_7
[2014.04.21-08.52.08:305][627]LogInstancedFoliage: Map Rebuilt - Update all BSP painted foliage!
[2014.04.21-08.52.09:104][628]Cmd: UpdateLandscapeEditorData
[2014.04.21-08.52.10:102][673]Cmd: DELETE
[2014.04.21-08.52.10:102][673]Cmd: ACTOR DELETE
[2014.04.21-08.52.10:112][673]LogEditorActor: Deleted Actor: Brush
[2014.04.21-08.52.10:176][673]LogEditorActor: Deleted 1 Actors (0.068 secs)
[2014.04.21-08.52.10:383][673]LogInstancedFoliage: Map Rebuilt - Update all BSP painted foliage!
[2014.04.21-08.52.11:230][674]Cmd: UpdateLandscapeEditorData
[2014.04.21-08.52.13:312][771]LogUObjectHash:Warning: Ambiguous search, could be Model /Temp/Untitled_2.Template_Default:PersistentLevel.BoxBrush_6.Model_7 or Model /Temp/Untitled_2.Template_Default:PersistentLevel.BoxBrush_5.Model_7
[2014.04.21-08.52.13:312][771]LogUObjectHash:Warning: Ambiguous search, could be Model /Temp/Untitled_2.Template_Default:PersistentLevel.BoxBrush_6.Model_7 or Model /Temp/Untitled_2.Template_Default:PersistentLevel.BoxBrush_4.Model_7
[2014.04.21-08.52.13:312][771]LogUObjectHash:Warning: Ambiguous search, could be Model /Temp/Untitled_2.Template_Default:PersistentLevel.BoxBrush_6.Model_7 or Model /Temp/Untitled_2.Template_Default:PersistentLevel.BoxBrush_3.Model_7
[2014.04.21-08.52.13:312][771]LogUObjectHash:Warning: Ambiguous search, could be Model /Temp/Untitled_2.Template_Default:PersistentLevel.BoxBrush_6.Model_7 or Model /Temp/Untitled_2.Template_Default:PersistentLevel.BoxBrush_2.Model_7
[2014.04.21-08.52.13:312][771]LogUObjectHash:Warning: Ambiguous search, could be Model /Temp/Untitled_2.Template_Default:PersistentLevel.BoxBrush_6.Model_7 or Model /Temp/Untitled_2.Template_Default:PersistentLevel.BoxBrush.Model_7
[2014.04.21-08.52.16:773][924]LogInstancedFoliage: Map Rebuilt - Update all BSP painted foliage!
[2014.04.21-08.52.17:576][925]Cmd: UpdateLandscapeEditorData
[2014.04.21-08.52.20:405][ 58]LogUObjectHash:Warning: Ambiguous search, could be Model /Temp/Untitled_2.Template_Default:PersistentLevel.BoxBrush_14.Model_7 or Model /Temp/Untitled_2.Template_Default:PersistentLevel.BoxBrush_6.Model_7
[2014.04.21-08.52.20:405][ 58]LogUObjectHash:Warning: Ambiguous search, could be Model /Temp/Untitled_2.Template_Default:PersistentLevel.BoxBrush_14.Model_7 or Model /Temp/Untitled_2.Template_Default:PersistentLevel.BoxBrush_5.Model_7
[2014.04.21-08.52.20:405][ 58]LogUObjectHash:Warning: Ambiguous search, could be Model /Temp/Untitled_2.Template_Default:PersistentLevel.BoxBrush_14.Model_7 or Model /Temp/Untitled_2.Template_Default:PersistentLevel.BoxBrush_4.Model_7
[2014.04.21-08.52.20:405][ 58]LogUObjectHash:Warning: Ambiguous search, could be Model /Temp/Untitled_2.Template_Default:PersistentLevel.BoxBrush_14.Model_7 or Model /Temp/Untitled_2.Template_Default:PersistentLevel.BoxBrush_3.Model_7
[2014.04.21-08.52.20:405][ 58]LogUObjectHash:Warning: Ambiguous search, could be Model /Temp/Untitled_2.Template_Default:PersistentLevel.BoxBrush_14.Model_7 or Model /Temp/Untitled_2.Template_Default:PersistentLevel.BoxBrush_2.Model_7
[2014.04.21-08.52.20:405][ 58]LogUObjectHash:Warning: Ambiguous search, could be Model /Temp/Untitled_2.Template_Default:PersistentLevel.BoxBrush_14.Model_7 or Model /Temp/Untitled_2.Template_Default:PersistentLevel.BoxBrush.Model_7
[2014.04.21-08.52.20:407][ 58]LogUObjectHash:Warning: Ambiguous search, could be Model /Temp/Untitled_2.Template_Default:PersistentLevel.BoxBrush_15.Model_7 or Model /Temp/Untitled_2.Template_Default:PersistentLevel.BoxBrush_14.Model_7
[2014.04.21-08.52.20:407][ 58]LogUObjectHash:Warning: Ambiguous search, could be Model /Temp/Untitled_2.Template_Default:PersistentLevel.BoxBrush_15.Model_7 or Model /Temp/Untitled_2.Template_Default:PersistentLevel.BoxBrush_6.Model_7
[2014.04.21-08.52.20:407][ 58]LogUObjectHash:Warning: Ambiguous search, could be Model /Temp/Untitled_2.Template_Default:PersistentLevel.BoxBrush_15.Model_7 or Model /Temp/Untitled_2.Template_Default:PersistentLevel.BoxBrush_5.Model_7
[2014.04.21-08.52.20:407][ 58]LogUObjectHash:Warning: Ambiguous search, could be Model /Temp/Untitled_2.Template_Default:PersistentLevel.BoxBrush_15.Model_7 or Model /Temp/Untitled_2.Template_Default:PersistentLevel.BoxBrush_4.Model_7
[2014.04.21-08.52.20:407][ 58]LogUObjectHash:Warning: Ambiguous search, could be Model /Temp/Untitled_2.Template_Default:PersistentLevel.BoxBrush_15.Model_7 or Model /Temp/Untitled_2.Template_Default:PersistentLevel.BoxBrush_3.Model_7
[2014.04.21-08.52.20:407][ 58]LogUObjectHash:Warning: Ambiguous search, could be Model /Temp/Untitled_2.Template_Default:PersistentLevel.BoxBrush_15.Model_7 or Model /Temp/Untitled_2.Template_Default:PersistentLevel.BoxBrush_2.Model_7
[2014.04.21-08.52.20:407][ 58]LogUObjectHash:Warning: Ambiguous search, could be Model /Temp/Untitled_2.Template_Default:PersistentLevel.BoxBrush_15.Model_7 or Model /Temp/Untitled_2.Template_Default:PersistentLevel.BoxBrush.Model_7
[2014.04.21-08.52.23:294][183]LogInstancedFoliage: Map Rebuilt - Update all BSP painted foliage!
[2014.04.21-08.52.24:137][184]Cmd: UpdateLandscapeEditorData
[2014.04.21-08.52.43:744][165]LogEditorViewport: Clicking on Actor (LMB): Brush (Box Brush_4)
[2014.04.21-08.52.55:881][769]Cmd: CAMERA SNAP
[2014.04.21-08.52.55:881][769]Snapped camera to the first selected actor.
[2014.04.21-08.53.05:013][166]Cmd: CAMERA SNAP
[2014.04.21-08.53.05:013][166]Snapped camera to the first selected actor.
[2014.04.21-08.53.28:651][308]LogEditorViewport: Clicking on Actor (LMB): BP_Sky_Sphere_C (BP_Sky_Shere)
[2014.04.21-08.53.30:900][407]LogEditorViewport: Clicking on Actor (context menu): PointLight (PointLight)
[2014.04.21-08.53.40:569][963]Cmd: CAMERA SNAP
[2014.04.21-08.53.40:569][963]Snapped camera to the first selected actor.
[2014.04.21-08.53.56:926][745]ImportText (LocalizedDisplayNames): Missing closing parenthesis: (Language="en",Text="Blueprint Side Scroller"
[2014.04.21-08.54.22:015][ 80]LogGameProjectGeneration: Created new project with 3 files (plus project files)
[2014.04.21-08.54.26:040][ 81]Cmd: CLOSE_SLATE_MAINFRAME
[2014.04.21-08.55.08:390][ 81]LogSavePackage: Save=867.243713ms
[2014.04.21-08.55.08:390][ 81]LogSavePackage: Moving 'C:/Users/Ikekudeyg/Documents/Unreal Projects/MyProject/Saved//xcz79615A394C5E9BF500C560953D3974F1.tmp' to 'C:/Users/Ikekudeyg/Documents/Unreal Projects/MyProject/Content/xcz.umap'
[2014.04.21-08.55.08:492][ 81]LogFileHelpers: Saving map 'xcz' took 8.862
[2014.04.21-08.55.08:997][ 82]Cmd: QUIT_EDITOR
[2014.04.21-08.55.09:111][ 82]LogExit: Preparing to exit.
[2014.04.21-08.55.09:682][ 82]LogActorComponent: UnregisterComponent: (None.None) Not registered. Aborting.
[2014.04.21-08.55.09:682][ 82]LogActorComponent: UnregisterComponent: (None.None) Not registered. Aborting.
[2014.04.21-08.55.09:682][ 82]LogActorComponent: UnregisterComponent: (None.None) Not registered. Aborting.
[2014.04.21-08.55.09:682][ 82]LogActorComponent: UnregisterComponent: (None.None) Not registered. Aborting.
[2014.04.21-08.55.09:682][ 82]LogActorComponent: UnregisterComponent: (None.None) Not registered. Aborting.
[2014.04.21-08.55.09:682][ 82]LogActorComponent: UnregisterComponent: (None.None) Not registered. Aborting.
[2014.04.21-08.55.09:682][ 82]LogActorComponent: UnregisterComponent: (None.None) Not registered. Aborting.
[2014.04.21-08.55.09:682][ 82]LogActorComponent: UnregisterComponent: (None.None) Not registered. Aborting.
[2014.04.21-08.55.09:682][ 82]LogActorComponent: UnregisterComponent: (None.None) Not registered. Aborting.
[2014.04.21-08.55.09:682][ 82]LogActorComponent: UnregisterComponent: (None.None) Not registered. Aborting.
[2014.04.21-08.55.09:682][ 82]LogActorComponent: UnregisterComponent: (None.None) Not registered. Aborting.
[2014.04.21-08.55.09:683][ 82]LogActorComponent: UnregisterComponent: (None.None) Not registered. Aborting.
[2014.04.21-08.55.09:792][ 82]LogExit: Editor shut down
[2014.04.21-08.55.09:792][ 82]LogExit: Transaction tracking system shut down
[2014.04.21-08.55.10:222][ 82]LogParticles: Destroying 0 GPU particle simulations for FXSystem 0x000000001CE74400
[2014.04.21-08.55.10:222][ 82]LogParticles: Destroying 0 GPU particle simulations for FXSystem 0x000000001CE754E0
[2014.04.21-08.55.10:222][ 82]LogParticles: Destroying 0 GPU particle simulations for FXSystem 0x000000001932D120
[2014.04.21-08.55.10:222][ 82]LogExit: Object subsystem successfully closed.
[2014.04.21-08.55.10:367][ 82]LogPhysics:Warning: PHYSX: ..\..\PhysX\src\NpScene.cpp (2861) 8 : PxScene::unlockWrite() called without matching call to PxScene::lockWrite(), behaviour will be undefined.
[2014.04.21-08.55.10:491][ 82]LogModuleManager: Shutting down and abandoning module DesktopPlatform (150)
[2014.04.21-08.55.10:491][ 82]LogModuleManager: Shutting down and abandoning module NewLevelDialog (149)
[2014.04.21-08.55.10:491][ 82]LogModuleManager: Shutting down and abandoning module HTTP (148)
[2014.04.21-08.55.10:491][ 82]LogModuleManager: Shutting down and abandoning module CrashTracker (147)
[2014.04.21-08.55.10:491][ 82]LogModuleManager: Shutting down and abandoning module SceneOutliner (146)
[2014.04.21-08.55.10:491][ 82]LogModuleManager: Shutting down and abandoning module EditorWidgets (145)
[2014.04.21-08.55.10:491][ 82]LogModuleManager: Shutting down and abandoning module CollectionManager (144)
[2014.04.21-08.55.10:492][ 82]LogModuleManager: Shutting down and abandoning module StatsViewer (143)
[2014.04.21-08.55.10:498][ 82]LogModuleManager: Shutting down and abandoning module FoliageEdit (142)
[2014.04.21-08.55.10:527][ 82]LogModuleManager: Shutting down and abandoning module LandscapeEditor (141)
[2014.04.21-08.55.10:537][ 82]LogModuleManager: Shutting down and abandoning module MeshPaint (140)
[2014.04.21-08.55.10:561][ 82]LogModuleManager: Shutting down and abandoning module GeometryMode (139)
[2014.04.21-08.55.10:561][ 82]LogModuleManager: Shutting down and abandoning module TextureAlignMode (138)
[2014.04.21-08.55.10:565][ 82]LogModuleManager: Shutting down and abandoning module BspMode (137)
[2014.04.21-08.55.10:566][ 82]LogModuleManager: Shutting down and abandoning module PlacementMode (136)
[2014.04.21-08.55.10:576][ 82]LogModuleManager: Shutting down and abandoning module AutomationWorker (135)
[2014.04.21-08.55.10:576][ 82]LogModuleManager: Shutting down and abandoning module ViewportSnapping (134)
[2014.04.21-08.55.10:576][ 82]LogModuleManager: Shutting down and abandoning module GameplayTagsEditor (133)
[2014.04.21-08.55.10:576][ 82]LogModuleManager: Shutting down and abandoning module UserFeedback (132)
[2014.04.21-08.55.10:576][ 82]LogModuleManager: Shutting down and abandoning module XmlParser (131)
[2014.04.21-08.55.10:588][ 82]LogModuleManager: Shutting down and abandoning module OnlineBlueprintSupport (130)
[2014.04.21-08.55.10:588][ 82]LogModuleManager: Shutting down and abandoning module Blutility (129)
[2014.04.21-08.55.10:588][ 82]LogModuleManager: Shutting down and abandoning module AndroidPlatformEditor (126)
[2014.04.21-08.55.10:597][ 82]LogModuleManager: Shutting down and abandoning module AndroidRuntimeSettings (125)
[2014.04.21-08.55.10:597][ 82]LogModuleManager: Shutting down and abandoning module ProjectSettingsViewer (124)
[2014.04.21-08.55.10:597][ 82]LogModuleManager: Shutting down and abandoning module InputBindingEditor (123)
[2014.04.21-08.55.10:603][ 82]LogModuleManager: Shutting down and abandoning module EditorSettingsViewer (122)
[2014.04.21-08.55.10:603][ 82]LogModuleManager: Shutting down and abandoning module SettingsEditor (121)
[2014.04.21-08.55.10:613][ 82]LogModuleManager: Shutting down and abandoning module SessionLauncher (120)
[2014.04.21-08.55.10:662][ 82]LogModuleManager: Shutting down and abandoning module SessionFrontend (119)
[2014.04.21-08.55.10:743][ 82]LogModuleManager: Shutting down and abandoning module ProfilerClient (118)
[2014.04.21-08.55.10:781][ 82]LogModuleManager: Shutting down and abandoning module TargetDeviceServices (117)
[2014.04.21-08.55.10:781][ 82]LogModuleManager: Shutting down and abandoning module DeviceManager (116)
[2014.04.21-08.55.10:789][ 82]LogModuleManager: Shutting down and abandoning module AutomationController (115)
[2014.04.21-08.55.10:826][ 82]LogModuleManager: Shutting down and abandoning module AutomationWindow (114)
[2014.04.21-08.55.10:832][ 82]LogModuleManager: Shutting down and abandoning module Layers (113)
[2014.04.21-08.55.10:832][ 82]LogModuleManager: Shutting down and abandoning module ComponentVisualizers (112)
[2014.04.21-08.55.10:832][ 82]LogModuleManager: Shutting down and abandoning module DetailCustomizations (111)
[2014.04.21-08.55.10:890][ 82]LogModuleManager: Shutting down and abandoning module PreferencesEditor (110)
[2014.04.21-08.55.10:890][ 82]LogModuleManager: Shutting down and abandoning module PackagesDialog (109)
[2014.04.21-08.55.10:890][ 82]LogModuleManager: Shutting down and abandoning module DirectoryWatcher (108)
[2014.04.21-08.55.10:891][ 82]LogModuleManager: Shutting down and abandoning module AssetRegistry (107)
[2014.04.21-08.55.11:370][ 82]LogModuleManager: Shutting down and abandoning module Persona (106)
[2014.04.21-08.55.11:391][ 82]LogModuleManager: Shutting down and abandoning module GraphEditor (105)
[2014.04.21-08.55.11:391][ 82]LogModuleManager: Shutting down and abandoning module ContentBrowser (104)
[2014.04.21-08.55.11:391][ 82]LogModuleManager: Shutting down and abandoning module ClassViewer (103)
[2014.04.21-08.55.11:391][ 82]LogModuleManager: Shutting down and abandoning module Toolbox (102)
[2014.04.21-08.55.11:391][ 82]LogModuleManager: Shutting down and abandoning module ModuleUI (101)
[2014.04.21-08.55.11:393][ 82]LogModuleManager: Shutting down and abandoning module Sequencer (100)
[2014.04.21-08.55.11:415][ 82]LogModuleManager: Shutting down and abandoning module AssetTools (99)
[2014.04.21-08.55.11:435][ 82]LogModuleManager: Shutting down and abandoning module MovieSceneTools (98)
[2014.04.21-08.55.11:436][ 82]LogModuleManager: Shutting down and abandoning module OutputLog (97)
[2014.04.21-08.55.11:436][ 82]LogModuleManager: Shutting down and abandoning module GammaUI (96)
[2014.04.21-08.55.11:444][ 82]LogModuleManager: Shutting down and abandoning module Documentation (95)
[2014.04.21-08.55.11:444][ 82]LogModuleManager: Shutting down and abandoning module AnalyticsET (94)
[2014.04.21-08.55.11:444][ 82]LogModuleManager: Shutting down and abandoning module Analytics (93)
[2014.04.21-08.55.11:444][ 82]LogModuleManager: Shutting down and abandoning module ProfilerService (92)
[2014.04.21-08.55.11:494][ 82]LogModuleManager: Shutting down and abandoning module TaskGraph (91)
[2014.04.21-08.55.11:535][ 82]LogModuleManager: Shutting down and abandoning module GameProjectGeneration (90)
[2014.04.21-08.55.11:535][ 82]LogModuleManager: Shutting down and abandoning module Matinee (89)
[2014.04.21-08.55.11:934][ 82]LogModuleManager: Shutting down and abandoning module Kismet (88)
[2014.04.21-08.55.11:943][ 82]LogModuleManager: Shutting down and abandoning module LevelEditor (87)
[2014.04.21-08.55.11:952][ 82]LogModuleManager: Shutting down and abandoning module MainFrame (86)
[2014.04.21-08.55.11:952][ 82]LogModuleManager: Shutting down and abandoning module SourceControl (85)
[2014.04.21-08.55.11:960][ 82]LogModuleManager: Shutting down and abandoning module ImageWrapper (84)
[2014.04.21-08.55.11:960][ 82]LogModuleManager: Shutting down and abandoning module FunctionalTesting (83)
[2014.04.21-08.55.11:960][ 82]LogModuleManager: Shutting down and abandoning module CollisionAnalyzer (82)
[2014.04.21-08.55.11:963][ 82]LogModuleManager: Shutting down and abandoning module WorkspaceMenuStructure (81)
[2014.04.21-08.55.11:963][ 82]LogModuleManager: Shutting down and abandoning module MessageLog (80)
[2014.04.21-08.55.11:963][ 82]LogModuleManager: Shutting down and abandoning module Slate (79)
[2014.04.21-08.55.11:963][ 82]LogModuleManager: Shutting down and abandoning module EditorStyle (78)
[2014.04.21-08.55.11:965][ 82]LogModuleManager: Shutting down and abandoning module SessionServices (77)
[2014.04.21-08.55.11:965][ 82]LogModuleManager: Shutting down and abandoning module Messaging (76)
[2014.04.21-08.55.11:965][ 82]LogModuleManager: Shutting down and abandoning module VSAccessor (75)
[2014.04.21-08.55.11:965][ 82]LogModuleManager: Shutting down and abandoning module HeadMountedDisplay (74)
[2014.04.21-08.55.11:965][ 82]LogModuleManager: Shutting down and abandoning module XAudio2 (73)
[2014.04.21-08.55.11:965][ 82]LogModuleManager: Shutting down and abandoning module Networking (72)
[2014.04.21-08.55.11:965][ 82]LogModuleManager: Shutting down and abandoning module Core (71)
[2014.04.21-08.55.11:965][ 82]LogModuleManager: Shutting down and abandoning module KismetCompiler (70)
[2014.04.21-08.55.11:965][ 82]LogModuleManager: Shutting down and abandoning module PhysXFormats (69)
[2014.04.21-08.55.11:965][ 82]LogModuleManager: Shutting down and abandoning module MeshUtilities (68)
[2014.04.21-08.55.11:975][ 82]LogModuleManager: Shutting down and abandoning module DerivedDataCache (67)
[2014.04.21-08.55.12:008][ 82]LogDerivedDataCache: Shutdown
[2014.04.21-08.55.12:008][ 82]LogModuleManager: Shutting down and abandoning module ShaderFormatOpenGL (66)
[2014.04.21-08.55.12:008][ 82]LogModuleManager: Shutting down and abandoning module ShaderFormatD3D (65)
[2014.04.21-08.55.12:011][ 82]LogModuleManager: Shutting down and abandoning module TextureFormatUncompressed (64)
[2014.04.21-08.55.12:011][ 82]LogModuleManager: Shutting down and abandoning module TextureFormatPVR (63)
[2014.04.21-08.55.12:011][ 82]LogModuleManager: Shutting down and abandoning module TextureFormatDXT (62)
[2014.04.21-08.55.12:011][ 82]LogModuleManager: Shutting down and abandoning module TextureFormatAndroid (61)
[2014.04.21-08.55.12:011][ 82]LogModuleManager: Shutting down and abandoning module AudioFormatOgg (60)
[2014.04.21-08.55.12:011][ 82]LogModuleManager: Shutting down and abandoning module AudioFormatADPCM (59)
[2014.04.21-08.55.12:011][ 82]LogModuleManager: Shutting down and abandoning module Android_PVRTCTargetPlatform (58)
[2014.04.21-08.55.12:011][ 82]LogModuleManager: Shutting down and abandoning module Android_ETC2TargetPlatform (57)
[2014.04.21-08.55.12:011][ 82]LogModuleManager: Shutting down and abandoning module Android_ETC1TargetPlatform (56)
[2014.04.21-08.55.12:011][ 82]LogModuleManager: Shutting down and abandoning module Android_DXTTargetPlatform (55)
[2014.04.21-08.55.12:011][ 82]LogModuleManager: Shutting down and abandoning module Android_ATCTargetPlatform (54)
[2014.04.21-08.55.12:011][ 82]LogModuleManager: Shutting down and abandoning module AndroidTargetPlatform (53)
[2014.04.21-08.55.12:011][ 82]LogModuleManager: Shutting down and abandoning module PropertyEditor (52)
[2014.04.21-08.55.12:011][ 82]LogModuleManager: Shutting down and abandoning module WindowsTargetPlatform (51)
[2014.04.21-08.55.12:011][ 82]LogModuleManager: Shutting down and abandoning module WindowsNoEditorTargetPlatform (50)
[2014.04.21-08.55.12:012][ 82]LogModuleManager: Shutting down and abandoning module WindowsClientTargetPlatform (49)
[2014.04.21-08.55.12:015][ 82]LogModuleManager: Shutting down and abandoning module TargetPlatform (48)
[2014.04.21-08.55.12:015][ 82]LogModuleManager: Shutting down and abandoning module InputCore (46)
[2014.04.21-08.55.12:015][ 82]LogModuleManager: Shutting down and abandoning module Settings (45)
[2014.04.21-08.55.12:015][ 82]LogModuleManager: Shutting down and abandoning module TextureCompressor (42)
[2014.04.21-08.55.12:015][ 82]LogModuleManager: Shutting down and abandoning module ShaderCore (41)
[2014.04.21-08.55.12:015][ 82]LogModuleManager: Shutting down and abandoning module OpenGLDrv (40)
[2014.04.21-08.55.12:015][ 82]LogModuleManager: Shutting down and abandoning module D3D11RHI (39)
[2014.04.21-08.55.12:015][ 82]LogModuleManager: Shutting down and abandoning module SlateRHIRenderer (38)
[2014.04.21-08.55.12:015][ 82]LogModuleManager: Shutting down and abandoning module Renderer (37)
[2014.04.21-08.55.12:015][ 82]LogModuleManager: Shutting down and abandoning module Engine (36)
[2014.04.21-08.55.12:015][ 82]LogModuleManager: Shutting down and abandoning module WindowsMoviePlayer (35)
[2014.04.21-08.55.12:204][ 82]LogModuleManager: Shutting down and abandoning module ExampleDeviceProfileSelector (30)
[2014.04.21-08.55.12:204][ 82]LogModuleManager: Shutting down and abandoning module CustomMeshComponent (29)
[2014.04.21-08.55.12:204][ 82]LogModuleManager: Shutting down and abandoning module CableComponent (28)
[2014.04.21-08.55.12:204][ 82]LogModuleManager: Shutting down and abandoning module OculusRift (25)
[2014.04.21-08.55.12:213][ 82]LogModuleManager: Shutting down and abandoning module UdpMessaging (24)
[2014.04.21-08.55.12:313][ 82]LogModuleManager: Shutting down and abandoning module MessagingDebugger (23)
[2014.04.21-08.55.12:349][ 82]LogModuleManager: Shutting down and abandoning module PluginsEditor (12)
[2014.04.21-08.55.12:355][ 82]LogModuleManager: Shutting down and abandoning module IntroTutorials (11)
[2014.04.21-08.55.12:356][ 82]LogModuleManager: Shutting down and abandoning module EpicSurvey (10)
[2014.04.21-08.55.12:356][ 82]LogModuleManager: Shutting down and abandoning module UObjectPlugin (9)
[2014.04.21-08.55.12:356][ 82]LogModuleManager: Shutting down and abandoning module SubversionSourceControl (8)
[2014.04.21-08.55.12:361][ 82]LogModuleManager: Shutting down and abandoning module PerforceSourceControl (7)
[2014.04.21-08.55.12:379][ 82]LogModuleManager: Shutting down and abandoning module BlankPlugin (6)
[2014.04.21-08.55.12:379][ 82]LogModuleManager: Shutting down and abandoning module CoreUObject (5)
[2014.04.21-08.55.12:379][ 82]LogModuleManager: Shutting down and abandoning module NetworkFile (4)
[2014.04.21-08.55.12:379][ 82]LogModuleManager: Shutting down and abandoning module StreamingFile (3)
[2014.04.21-08.55.12:380][ 82]LogModuleManager: Shutting down and abandoning module SandboxFile (2)
[2014.04.21-08.55.12:402][ 82]LogModuleManager: Shutting down and abandoning module PakFile (1)
[2014.04.21-08.55.12:412][ 82]LogExit: Exiting.
[2014.04.21-08.55.12:434][ 82]Log file closed, 04/21/14 03:55:12
